#
# There is insufficient memory for the Java Runtime Environment to continue.
# Native memory allocation (malloc) failed to allocate 1212976 bytes for Chunk::new
# Possible reasons:
#   The system is out of physical RAM or swap space
#   In 32 bit mode, the process size limit was hit
# Possible solutions:
#   Reduce memory load on the system
#   Increase physical memory or swap space
#   Check if swap backing store is full
#   Use 64 bit Java on a 64 bit OS
#   Decrease Java heap size (-Xmx/-Xms)
#   Decrease number of Java threads
#   Decrease Java thread stack sizes (-Xss)
#   Set larger code cache with -XX:ReservedCodeCacheSize=
# This output file may be truncated or incomplete.
#
#  Out of Memory Error (allocation.cpp:390), pid=5044, tid=0x0000000000000934
#
# JRE version: OpenJDK Runtime Environment (8.0_76-b03) (build 1.8.0_76-release-b03)
# Java VM: OpenJDK 64-Bit Server VM (25.76-b03 mixed mode windows-amd64 compressed oops)
# Failed to write core dump. Minidumps are not enabled by default on client versions of Windows
#

---------------  T H R E A D  ---------------

Current thread (0x00000000564e6000):  JavaThread "C2 CompilerThread1" daemon [_thread_in_native, id=2356, stack(0x0000000056fa0000,0x00000000570a0000)]

Stack: [0x0000000056fa0000,0x00000000570a0000]
[error occurred during error reporting (printing stack bounds), id 0xc0000005]

Native frames: (J=compiled Java code, j=interpreted, Vv=VM code, C=native code)


Current CompileTask:
C2:  33890 3591   !   4       java.net.URLClassLoader$1::run (63 bytes)


---------------  P R O C E S S  ---------------

Java Threads: ( => current thread )
  0x000000005687d800 JavaThread "File lock request listener" [_thread_in_native, id=4056, stack(0x0000000059ea0000,0x0000000059fa0000)]
  0x0000000058388000 JavaThread "Stdin handler" [_thread_blocked, id=3880, stack(0x0000000059670000,0x0000000059770000)]
  0x0000000058387000 JavaThread "Asynchronous log dispatcher for org.gradle.launcher.daemon.server.DefaultDaemonConnection@726b5431" [_thread_blocked, id=4140, stack(0x0000000059250000,0x0000000059350000)]
  0x00000000580be800 JavaThread "Daemon worker" [_thread_in_vm, id=3336, stack(0x0000000059780000,0x0000000059880000)]
  0x00000000580bd800 JavaThread "Cancel handler" [_thread_blocked, id=3720, stack(0x0000000059560000,0x0000000059660000)]
  0x0000000058085800 JavaThread "Handler for socket connection from /127.0.0.1:50112 to /127.0.0.1:50113" [_thread_in_native, id=4624, stack(0x0000000059370000,0x0000000059470000)]
  0x0000000058080000 JavaThread "Daemon" [_thread_blocked, id=5192, stack(0x0000000059140000,0x0000000059240000)]
  0x0000000057fb8000 JavaThread "pool-1-thread-1" [_thread_blocked, id=5900, stack(0x0000000056a20000,0x0000000056b20000)]
  0x000000005809d000 JavaThread "Incoming local TCP Connector on port 50112" [_thread_in_native, id=3572, stack(0x0000000058df0000,0x0000000058ef0000)]
  0x000000005656b800 JavaThread "Service Thread" daemon [_thread_blocked, id=5320, stack(0x00000000572e0000,0x00000000573e0000)]
  0x00000000564f2000 JavaThread "C1 CompilerThread2" daemon [_thread_blocked, id=3092, stack(0x0000000057110000,0x0000000057210000)]
=>0x00000000564e6000 JavaThread "C2 CompilerThread1" daemon [_thread_in_native, id=2356, stack(0x0000000056fa0000,0x00000000570a0000)]
  0x000000005502e000 JavaThread "C2 CompilerThread0" daemon [_thread_in_native, id=1996, stack(0x0000000056d70000,0x0000000056e70000)]
  0x00000000564cb800 JavaThread "Attach Listener" daemon [_thread_blocked, id=4944, stack(0x0000000056b80000,0x0000000056c80000)]
  0x00000000564ca800 JavaThread "Signal Dispatcher" daemon [_thread_blocked, id=1928, stack(0x00000000568f0000,0x00000000569f0000)]
  0x0000000055009000 JavaThread "Finalizer" daemon [_thread_blocked, id=4584, stack(0x00000000563c0000,0x00000000564c0000)]
  0x0000000054fc2000 JavaThread "Reference Handler" daemon [_thread_blocked, id=5888, stack(0x00000000561c0000,0x00000000562c0000)]
  0x000000000252f000 JavaThread "main" [_thread_blocked, id=4600, stack(0x00000000026f0000,0x00000000027f0000)]

Other Threads:
  0x0000000054fba800 VMThread [stack: 0x0000000056030000,0x0000000056130000] [id=5484]
  0x000000005652a800 WatcherThread [stack: 0x0000000056e80000,0x0000000056f80000] [id=2676]

VM state:not at safepoint (normal execution)

VM Mutex/Monitor currently owned by a thread: None

Heap:
 PSYoungGen      total 110592K, used 7440K [0x00000000eab00000, 0x00000000f4f00000, 0x0000000100000000)
  eden space 98816K, 7% used [0x00000000eab00000,0x00000000eb244158,0x00000000f0b80000)
  from space 11776K, 0% used [0x00000000f0b80000,0x00000000f0b80000,0x00000000f1700000)
  to   space 12288K, 0% used [0x00000000f4300000,0x00000000f4300000,0x00000000f4f00000)
 ParOldGen       total 91136K, used 17222K [0x00000000c0000000, 0x00000000c5900000, 0x00000000eab00000)
  object space 91136K, 18% used [0x00000000c0000000,0x00000000c10d1b30,0x00000000c5900000)
 Metaspace       used 35037K, capacity 35772K, committed 35888K, reserved 1081344K
  class space    used 4658K, capacity 4879K, committed 4912K, reserved 1048576K

Card table byte_map: [0x0000000011bb0000,0x0000000011dc0000] byte_map_base: 0x00000000115b0000

Marking Bits: (ParMarkBitMap*) 0x000000006c229d00
 Begin Bits: [0x0000000012430000, 0x0000000013430000)
 End Bits:   [0x0000000013430000, 0x0000000014430000)

Polling page: 0x0000000000130000

CodeCache: size=245760Kb used=13017Kb max_used=13017Kb free=232742Kb
 bounds [0x00000000027f0000, 0x00000000034c0000, 0x00000000117f0000]
 total_blobs=4101 nmethods=3417 adapters=597
 compilation: enabled

Compilation events (10 events):
Event: 33.608 Thread 0x00000000564e6000 nmethod 3586 0x00000000034a1c50 code [0x00000000034a1e60, 0x00000000034a2de8]
Event: 33.608 Thread 0x00000000564e6000 3591   !   4       java.net.URLClassLoader$1::run (63 bytes)
Event: 33.827 Thread 0x00000000564f2000 3592       1       com.google.common.cache.LocalCache$2::poll (2 bytes)
Event: 33.827 Thread 0x00000000564f2000 nmethod 3592 0x0000000002c21250 code [0x0000000002c213a0, 0x0000000002c214b0]
Event: 33.834 Thread 0x00000000564f2000 3593       3       org.gradle.model.internal.core.ModelPath::compareTo (19 bytes)
Event: 33.835 Thread 0x00000000564f2000 nmethod 3593 0x0000000002c1ff10 code [0x0000000002c20080, 0x0000000002c202e8]
Event: 33.837 Thread 0x00000000564f2000 3595       3       org.gradle.model.internal.core.ModelPath::compareTo (9 bytes)
Event: 33.838 Thread 0x00000000564f2000 nmethod 3595 0x0000000002c1f850 code [0x0000000002c1f9c0, 0x0000000002c1fdc8]
Event: 33.838 Thread 0x00000000564f2000 3594       1       org.gradle.model.internal.core.ModelRegistrations$Builder$DescriptorReference::access$300 (5 bytes)
Event: 33.838 Thread 0x00000000564f2000 nmethod 3594 0x0000000002c1f590 code [0x0000000002c1f6e0, 0x0000000002c1f7d0]

GC Heap History (10 events):
Event: 16.261 GC heap before
{Heap before GC invocations=5 (full 1):
 PSYoungGen      total 71680K, used 5112K [0x00000000eab00000, 0x00000000ef600000, 0x0000000100000000)
  eden space 66560K, 0% used [0x00000000eab00000,0x00000000eab00000,0x00000000eec00000)
  from space 5120K, 99% used [0x00000000ef100000,0x00000000ef5fe030,0x00000000ef600000)
  to   space 5120K, 0% used [0x00000000eec00000,0x00000000eec00000,0x00000000ef100000)
 ParOldGen       total 87552K, used 8834K [0x00000000c0000000, 0x00000000c5580000, 0x00000000eab00000)
  object space 87552K, 10% used [0x00000000c0000000,0x00000000c08a0a78,0x00000000c5580000)
 Metaspace       used 20831K, capacity 21286K, committed 21296K, reserved 1067008K
  class space    used 2718K, capacity 2854K, committed 2864K, reserved 1048576K
Event: 17.920 GC heap after
Heap after GC invocations=5 (full 1):
 PSYoungGen      total 71680K, used 0K [0x00000000eab00000, 0x00000000ef600000, 0x0000000100000000)
  eden space 66560K, 0% used [0x00000000eab00000,0x00000000eab00000,0x00000000eec00000)
  from space 5120K, 0% used [0x00000000ef100000,0x00000000ef100000,0x00000000ef600000)
  to   space 5120K, 0% used [0x00000000eec00000,0x00000000eec00000,0x00000000ef100000)
 ParOldGen       total 66560K, used 12581K [0x00000000c0000000, 0x00000000c4100000, 0x00000000eab00000)
  object space 66560K, 18% used [0x00000000c0000000,0x00000000c0c495d8,0x00000000c4100000)
 Metaspace       used 20831K, capacity 21286K, committed 21296K, reserved 1067008K
  class space    used 2718K, capacity 2854K, committed 2864K, reserved 1048576K
}
Event: 21.802 GC heap before
{Heap before GC invocations=6 (full 1):
 PSYoungGen      total 71680K, used 66560K [0x00000000eab00000, 0x00000000ef600000, 0x0000000100000000)
  eden space 66560K, 100% used [0x00000000eab00000,0x00000000eec00000,0x00000000eec00000)
  from space 5120K, 0% used [0x00000000ef100000,0x00000000ef100000,0x00000000ef600000)
  to   space 5120K, 0% used [0x00000000eec00000,0x00000000eec00000,0x00000000ef100000)
 ParOldGen       total 66560K, used 12581K [0x00000000c0000000, 0x00000000c4100000, 0x00000000eab00000)
  object space 66560K, 18% used [0x00000000c0000000,0x00000000c0c495d8,0x00000000c4100000)
 Metaspace       used 26820K, capacity 27378K, committed 27568K, reserved 1073152K
  class space    used 3581K, capacity 3746K, committed 3760K, reserved 1048576K
Event: 22.051 GC heap after
Heap after GC invocations=6 (full 1):
 PSYoungGen      total 71680K, used 5110K [0x00000000eab00000, 0x00000000f2500000, 0x0000000100000000)
  eden space 66560K, 0% used [0x00000000eab00000,0x00000000eab00000,0x00000000eec00000)
  from space 5120K, 99% used [0x00000000eec00000,0x00000000ef0fd8f0,0x00000000ef100000)
  to   space 11776K, 0% used [0x00000000f1980000,0x00000000f1980000,0x00000000f2500000)
 ParOldGen       total 66560K, used 16674K [0x00000000c0000000, 0x00000000c4100000, 0x00000000eab00000)
  object space 66560K, 25% used [0x00000000c0000000,0x00000000c1048a68,0x00000000c4100000)
 Metaspace       used 26820K, capacity 27378K, committed 27568K, reserved 1073152K
  class space    used 3581K, capacity 3746K, committed 3760K, reserved 1048576K
}
Event: 25.936 GC heap before
{Heap before GC invocations=7 (full 1):
 PSYoungGen      total 71680K, used 71670K [0x00000000eab00000, 0x00000000f2500000, 0x0000000100000000)
  eden space 66560K, 100% used [0x00000000eab00000,0x00000000eec00000,0x00000000eec00000)
  from space 5120K, 99% used [0x00000000eec00000,0x00000000ef0fd8f0,0x00000000ef100000)
  to   space 11776K, 0% used [0x00000000f1980000,0x00000000f1980000,0x00000000f2500000)
 ParOldGen       total 66560K, used 16674K [0x00000000c0000000, 0x00000000c4100000, 0x00000000eab00000)
  object space 66560K, 25% used [0x00000000c0000000,0x00000000c1048a68,0x00000000c4100000)
 Metaspace       used 30624K, capacity 31216K, committed 31536K, reserved 1077248K
  class space    used 4136K, capacity 4295K, committed 4400K, reserved 1048576K
Event: 26.065 GC heap after
Heap after GC invocations=7 (full 1):
 PSYoungGen      total 107520K, used 8712K [0x00000000eab00000, 0x00000000f2280000, 0x0000000100000000)
  eden space 98304K, 0% used [0x00000000eab00000,0x00000000eab00000,0x00000000f0b00000)
  from space 9216K, 94% used [0x00000000f1980000,0x00000000f22020a8,0x00000000f2280000)
  to   space 11776K, 0% used [0x00000000f0b80000,0x00000000f0b80000,0x00000000f1700000)
 ParOldGen       total 66560K, used 16674K [0x00000000c0000000, 0x00000000c4100000, 0x00000000eab00000)
  object space 66560K, 25% used [0x00000000c0000000,0x00000000c1048a68,0x00000000c4100000)
 Metaspace       used 30624K, capacity 31216K, committed 31536K, reserved 1077248K
  class space    used 4136K, capacity 4295K, committed 4400K, reserved 1048576K
}
Event: 32.885 GC heap before
{Heap before GC invocations=8 (full 1):
 PSYoungGen      total 107520K, used 90586K [0x00000000eab00000, 0x00000000f2280000, 0x0000000100000000)
  eden space 98304K, 83% used [0x00000000eab00000,0x00000000efaf4940,0x00000000f0b00000)
  from space 9216K, 94% used [0x00000000f1980000,0x00000000f22020a8,0x00000000f2280000)
  to   space 11776K, 0% used [0x00000000f0b80000,0x00000000f0b80000,0x00000000f1700000)
 ParOldGen       total 66560K, used 16674K [0x00000000c0000000, 0x00000000c4100000, 0x00000000eab00000)
  object space 66560K, 25% used [0x00000000c0000000,0x00000000c1048a68,0x00000000c4100000)
 Metaspace       used 34651K, capacity 35344K, committed 35496K, reserved 1079296K
  class space    used 4590K, capacity 4822K, committed 4912K, reserved 1048576K
Event: 33.338 GC heap after
Heap after GC invocations=8 (full 1):
 PSYoungGen      total 110592K, used 9827K [0x00000000eab00000, 0x00000000f4f00000, 0x0000000100000000)
  eden space 98816K, 0% used [0x00000000eab00000,0x00000000eab00000,0x00000000f0b80000)
  from space 11776K, 83% used [0x00000000f0b80000,0x00000000f1518f30,0x00000000f1700000)
  to   space 12288K, 0% used [0x00000000f4300000,0x00000000f4300000,0x00000000f4f00000)
 ParOldGen       total 66560K, used 16682K [0x00000000c0000000, 0x00000000c4100000, 0x00000000eab00000)
  object space 66560K, 25% used [0x00000000c0000000,0x00000000c104aa68,0x00000000c4100000)
 Metaspace       used 34651K, capacity 35344K, committed 35496K, reserved 1079296K
  class space    used 4590K, capacity 4822K, committed 4912K, reserved 1048576K
}
Event: 33.338 GC heap before
{Heap before GC invocations=9 (full 2):
 PSYoungGen      total 110592K, used 9827K [0x00000000eab00000, 0x00000000f4f00000, 0x0000000100000000)
  eden space 98816K, 0% used [0x00000000eab00000,0x00000000eab00000,0x00000000f0b80000)
  from space 11776K, 83% used [0x00000000f0b80000,0x00000000f1518f30,0x00000000f1700000)
  to   space 12288K, 0% used [0x00000000f4300000,0x00000000f4300000,0x00000000f4f00000)
 ParOldGen       total 66560K, used 16682K [0x00000000c0000000, 0x00000000c4100000, 0x00000000eab00000)
  object space 66560K, 25% used [0x00000000c0000000,0x00000000c104aa68,0x00000000c4100000)
 Metaspace       used 34651K, capacity 35344K, committed 35496K, reserved 1079296K
  class space    used 4590K, capacity 4822K, committed 4912K, reserved 1048576K
Event: 33.565 GC heap after
Heap after GC invocations=9 (full 2):
 PSYoungGen      total 110592K, used 0K [0x00000000eab00000, 0x00000000f4f00000, 0x0000000100000000)
  eden space 98816K, 0% used [0x00000000eab00000,0x00000000eab00000,0x00000000f0b80000)
  from space 11776K, 0% used [0x00000000f0b80000,0x00000000f0b80000,0x00000000f1700000)
  to   space 12288K, 0% used [0x00000000f4300000,0x00000000f4300000,0x00000000f4f00000)
 ParOldGen       total 91136K, used 17222K [0x00000000c0000000, 0x00000000c5900000, 0x00000000eab00000)
  object space 91136K, 18% used [0x00000000c0000000,0x00000000c10d1b30,0x00000000c5900000)
 Metaspace       used 34600K, capacity 35218K, committed 35496K, reserved 1079296K
  class space    used 4576K, capacity 4780K, committed 4912K, reserved 1048576K
}

Deoptimization events (10 events):
Event: 31.305 Thread 0x0000000058387000 Uncommon trap: reason=unstable_if action=reinterpret pc=0x00000000033609ec method=com.esotericsoftware.kryo.io.Output.writeString(Ljava/lang/CharSequence;)V @ 1
Event: 31.936 Thread 0x00000000580be800 Uncommon trap: reason=class_check action=maybe_recompile pc=0x000000000295b288 method=java.util.Hashtable.get(Ljava/lang/Object;)Ljava/lang/Object; @ 45
Event: 31.957 Thread 0x00000000580be800 Uncommon trap: reason=class_check action=maybe_recompile pc=0x000000000295b288 method=java.util.Hashtable.get(Ljava/lang/Object;)Ljava/lang/Object; @ 45
Event: 31.958 Thread 0x00000000580be800 Uncommon trap: reason=class_check action=maybe_recompile pc=0x000000000295b288 method=java.util.Hashtable.get(Ljava/lang/Object;)Ljava/lang/Object; @ 45
Event: 31.958 Thread 0x00000000580be800 Uncommon trap: reason=class_check action=maybe_recompile pc=0x000000000295b288 method=java.util.Hashtable.get(Ljava/lang/Object;)Ljava/lang/Object; @ 45
Event: 32.581 Thread 0x00000000580be800 Uncommon trap: reason=unstable_if action=reinterpret pc=0x00000000033c9df4 method=java.util.regex.Pattern$CharProperty.match(Ljava/util/regex/Matcher;ILjava/lang/CharSequence;)Z @ 40
Event: 32.676 Thread 0x00000000580be800 Uncommon trap: reason=unstable_if action=reinterpret pc=0x00000000031de2b0 method=java.util.Hashtable.containsKey(Ljava/lang/Object;)Z @ 36
Event: 32.786 Thread 0x00000000580be800 Uncommon trap: reason=bimorphic action=maybe_recompile pc=0x000000000339da84 method=java.security.MessageDigest$Delegate.engineUpdate([BII)V @ 7
Event: 32.787 Thread 0x00000000580be800 Uncommon trap: reason=bimorphic action=maybe_recompile pc=0x000000000339da84 method=java.security.MessageDigest$Delegate.engineUpdate([BII)V @ 7
Event: 32.787 Thread 0x00000000580be800 Uncommon trap: reason=bimorphic action=maybe_recompile pc=0x000000000339adb4 method=sun.security.provider.DigestBase.engineUpdate([BII)V @ 128

Internal exceptions (10 events):
Event: 31.755 Thread 0x00000000580be800 Exception <a 'java/lang/ClassNotFoundException': groovy/lang/GString$1BeanInfo> (0x00000000edb79ef0) thrown at [C:\src\android\AOSP-openjdk\external\jetbrains\jdk\hotspot\src\share\vm\classfile\systemDictionary.cpp, line 210]
Event: 31.756 Thread 0x00000000580be800 Exception <a 'java/lang/ClassNotFoundException': groovy/lang/GStringBeanInfo> (0x00000000edb978e0) thrown at [C:\src\android\AOSP-openjdk\external\jetbrains\jdk\hotspot\src\share\vm\classfile\systemDictionary.cpp, line 210]
Event: 31.757 Thread 0x00000000580be800 Exception <a 'java/lang/ClassNotFoundException': groovy/lang/GStringCustomizer> (0x00000000edbb5c50) thrown at [C:\src\android\AOSP-openjdk\external\jetbrains\jdk\hotspot\src\share\vm\classfile\systemDictionary.cpp, line 210]
Event: 31.759 Thread 0x00000000580be800 Exception <a 'java/lang/ClassNotFoundException': groovy/lang/GString$1Customizer> (0x00000000edbe0708) thrown at [C:\src\android\AOSP-openjdk\external\jetbrains\jdk\hotspot\src\share\vm\classfile\systemDictionary.cpp, line 210]
Event: 31.764 Thread 0x00000000580be800 Exception <a 'java/lang/ClassNotFoundException': org/codehaus/groovy/runtime/GStringImplBeanInfo> (0x00000000edc30908) thrown at [C:\src\android\AOSP-openjdk\external\jetbrains\jdk\hotspot\src\share\vm\classfile\systemDictionary.cpp, line 210]
Event: 31.765 Thread 0x00000000580be800 Exception <a 'java/lang/ClassNotFoundException': org/codehaus/groovy/runtime/GStringImplCustomizer> (0x00000000edc56fa0) thrown at [C:\src\android\AOSP-openjdk\external\jetbrains\jdk\hotspot\src\share\vm\classfile\systemDictionary.cpp, line 210]
Event: 32.278 Thread 0x00000000580be800 Exception <a 'java/lang/ClassNotFoundException': build_9s1pxbqauc1doalxjthygy0nxBeanInfo> (0x00000000ee593b58) thrown at [C:\src\android\AOSP-openjdk\external\jetbrains\jdk\hotspot\src\share\vm\classfile\systemDictionary.cpp, line 210]
Event: 32.279 Thread 0x00000000580be800 Exception <a 'java/lang/ClassNotFoundException': build_9s1pxbqauc1doalxjthygy0nxCustomizer> (0x00000000ee5a2b08) thrown at [C:\src\android\AOSP-openjdk\external\jetbrains\jdk\hotspot\src\share\vm\classfile\systemDictionary.cpp, line 210]
Event: 33.842 Thread 0x00000000580be800 Exception <a 'java/lang/ClassNotFoundException': org/gradle/api/plugins/BasePluginConventionBeanInfo> (0x00000000eaf26ab8) thrown at [C:\src\android\AOSP-openjdk\external\jetbrains\jdk\hotspot\src\share\vm\classfile\systemDictionary.cpp, line 210]
Event: 33.843 Thread 0x00000000580be800 Exception <a 'java/lang/ClassNotFoundException': org/gradle/api/plugins/BasePluginConventionCustomizer> (0x00000000eaf588c8) thrown at [C:\src\android\AOSP-openjdk\external\jetbrains\jdk\hotspot\src\share\vm\classfile\systemDictionary.cpp, line 210]

Events (10 events):
Event: 33.842 loading class org/gradle/api/plugins/BasePluginConventionCustomizer
Event: 33.842 loading class org/gradle/api/plugins/BasePluginConventionCustomizer done
Event: 33.842 loading class org/gradle/api/plugins/BasePluginConventionCustomizer
Event: 33.842 loading class org/gradle/api/plugins/BasePluginConventionCustomizer done
Event: 33.843 loading class org/gradle/api/plugins/BasePluginConventionCustomizer
Event: 33.843 loading class org/gradle/api/plugins/BasePluginConventionCustomizer done
Event: 33.844 loading class org/gradle/api/internal/plugins/BuildConfigurationRule
Event: 33.844 loading class org/gradle/api/internal/plugins/BuildConfigurationRule done
Event: 33.845 loading class org/gradle/api/internal/plugins/AbstractRule
Event: 33.845 loading class org/gradle/api/internal/plugins/AbstractRule done


Dynamic libraries:
0x000000013fd70000 - 0x000000013fda1000 	E:\android-studio-ide-145.3276617-windows\android-studio\jre\bin\java.exe
0x0000000077130000 - 0x00000000772da000 	C:\Windows\SYSTEM32\ntdll.dll
0x0000000076ed0000 - 0x0000000076fef000 	C:\Windows\system32\kernel32.dll
0x000007fefccb0000 - 0x000007fefcd1a000 	C:\Windows\system32\KERNELBASE.dll
0x000007fefda70000 - 0x000007fefdb4b000 	C:\Windows\system32\ADVAPI32.dll
0x000007fefe3d0000 - 0x000007fefe46f000 	C:\Windows\system32\msvcrt.dll
0x000007fefdf80000 - 0x000007fefdf9f000 	C:\Windows\SYSTEM32\sechost.dll
0x000007fefdba0000 - 0x000007fefdccd000 	C:\Windows\system32\RPCRT4.dll
0x0000000076dd0000 - 0x0000000076eca000 	C:\Windows\system32\USER32.dll
0x000007fefdfa0000 - 0x000007fefe007000 	C:\Windows\system32\GDI32.dll
0x000007fefe470000 - 0x000007fefe47e000 	C:\Windows\system32\LPK.dll
0x000007fefdcd0000 - 0x000007fefdd9a000 	C:\Windows\system32\USP10.dll
0x000007fef9520000 - 0x000007fef9714000 	C:\Windows\WinSxS\amd64_microsoft.windows.common-controls_6595b64144ccf1df_6.0.7601.18837_none_fa3b1e3d17594757\COMCTL32.dll
0x000007fefe070000 - 0x000007fefe0e1000 	C:\Windows\system32\SHLWAPI.dll
0x000007fefd960000 - 0x000007fefd98e000 	C:\Windows\system32\IMM32.DLL
0x000007fefd640000 - 0x000007fefd749000 	C:\Windows\system32\MSCTF.dll
0x0000000068ed0000 - 0x0000000068fa2000 	E:\android-studio-ide-145.3276617-windows\android-studio\jre\jre\bin\msvcr100.dll
0x000000006ba70000 - 0x000000006c2a4000 	E:\android-studio-ide-145.3276617-windows\android-studio\jre\jre\bin\server\jvm.dll
0x000007fef41a0000 - 0x000007fef41a9000 	C:\Windows\system32\WSOCK32.dll
0x000007fefdb50000 - 0x000007fefdb9d000 	C:\Windows\system32\WS2_32.dll
0x000007fefd2d0000 - 0x000007fefd2d8000 	C:\Windows\system32\NSI.dll
0x000007fefcf80000 - 0x000007fefcfbb000 	C:\Windows\system32\WINMM.dll
0x000007fefbcf0000 - 0x000007fefbcfc000 	C:\Windows\system32\VERSION.dll
0x00000000772f0000 - 0x00000000772f7000 	C:\Windows\system32\PSAPI.DLL
0x000007fef0af0000 - 0x000007fef0aff000 	E:\android-studio-ide-145.3276617-windows\android-studio\jre\jre\bin\verify.dll
0x000007fef0860000 - 0x000007fef0889000 	E:\android-studio-ide-145.3276617-windows\android-studio\jre\jre\bin\java.dll
0x000007fef08a0000 - 0x000007fef08b6000 	E:\android-studio-ide-145.3276617-windows\android-studio\jre\jre\bin\zip.dll
0x000007fefe480000 - 0x000007feff209000 	C:\Windows\system32\SHELL32.dll
0x000007fefd750000 - 0x000007fefd953000 	C:\Windows\system32\ole32.dll
0x000007fefcc30000 - 0x000007fefcc3f000 	C:\Windows\system32\profapi.dll
0x000007fef0840000 - 0x000007fef085a000 	E:\android-studio-ide-145.3276617-windows\android-studio\jre\jre\bin\net.dll
0x000007fefc390000 - 0x000007fefc3e5000 	C:\Windows\system32\mswsock.dll
0x000007fefc540000 - 0x000007fefc547000 	C:\Windows\System32\wship6.dll
0x000007fef0820000 - 0x000007fef0831000 	E:\android-studio-ide-145.3276617-windows\android-studio\jre\jre\bin\nio.dll
0x000007fef3090000 - 0x000007fef30a2000 	C:\Users\Administrator\.gradle\native\19\windows-amd64\native-platform.dll
0x000007fefc4b0000 - 0x000007fefc4c8000 	C:\Windows\system32\CRYPTSP.dll
0x000007fefc100000 - 0x000007fefc147000 	C:\Windows\system32\rsaenh.dll
0x000007fefcc90000 - 0x000007fefccae000 	C:\Windows\system32\USERENV.dll
0x000007fefca90000 - 0x000007fefca9f000 	C:\Windows\system32\CRYPTBASE.dll
0x000007fefa4e0000 - 0x000007fefa507000 	C:\Windows\system32\IPHLPAPI.DLL
0x000007fefa4d0000 - 0x000007fefa4db000 	C:\Windows\system32\WINNSI.DLL
0x000007fefa000000 - 0x000007fefa011000 	C:\Windows\system32\dhcpcsvc6.DLL
0x000007fef9fe0000 - 0x000007fef9ff8000 	C:\Windows\system32\dhcpcsvc.DLL
0x000007fef0b00000 - 0x000007fef0b0d000 	E:\android-studio-ide-145.3276617-windows\android-studio\jre\jre\bin\management.dll
0x000007fefca30000 - 0x000007fefca87000 	C:\Windows\system32\apphelp.dll

VM Arguments:
jvm_args: -XX:MaxPermSize=256m -XX:+HeapDumpOnOutOfMemoryError -Xmx1024m -Dfile.encoding=GBK -Duser.country=CN -Duser.language=zh -Duser.variant 
java_command: org.gradle.launcher.daemon.bootstrap.GradleDaemon 2.14.1
java_class_path (initial): C:\Users\Administrator\.gradle\wrapper\dists\gradle-2.14.1-all\8bnwg5hd3w55iofp58khbp6yv\gradle-2.14.1\lib\gradle-launcher-2.14.1.jar
Launcher Type: SUN_STANDARD

Environment Variables:
JAVA_HOME=D:\Program Files\Java\jdk1.7.0_72_64
CLASSPATH=D:\Program Files\Java\jdk1.7.0_72_64\jre\lib\rt.jar;D:\apache-tomcat-6.0.33\lib
PATH=D:\Program Files\Java\jdk1.7.0_72_64\bin;D:\Program Files\Java\jdk1.7.0_72_64\jre\bin;D:\Program Files\Java\jdk1.7.0_72_64\bin;D:\Program Files\Java\jdk1.7.0_72_64\jre\bin;C:\Program Files (x86)\Common Files\NetSarang;C:\Program Files\Java\jdk1.6.0_37\bin;D:\Program Files\Java\jdk1.7.0_72_64\bin;C:\Windows\system32;C:\Windows;C:\Windows\System32\Wbem;C:\Windows\System32\WindowsPowerShell\v1.0\;D:\MYSQL\mysql-5.6.24-winx64\bin;D:\mysql-5.6.16-winx64\bin;D:\Program Files\Java\jdk1.7.0_72_64\bin;D:\apache-tomcat-6.0.33\bin;D:\Android\sdk\platform-tools;C:\Program Files\TortoiseSVN\bin;C:\ProgramData\chocolatey\bin;D:\Program Files\nodejs\;C:\Users\Administrator\AppData\Roaming\npm;e:\Program Files (x86)\Microsoft VS Code\bin
USERNAME=Administrator
OS=Windows_NT
PROCESSOR_IDENTIFIER=Intel64 Family 6 Model 37 Stepping 5, GenuineIntel



---------------  S Y S T E M  ---------------

OS: Windows 7 , 64 bit Build 7601 (6.1.7601.23569)

CPU:total 4 (2 cores per cpu, 2 threads per core) family 6 model 37 stepping 5, cmov, cx8, fxsr, mmx, sse, sse2, sse3, ssse3, sse4.1, sse4.2, popcnt, ht, tsc, tscinvbit

Memory: 4k page, physical 8314104k(1305080k free), swap 8312244k(5352k free)

vm_info: OpenJDK 64-Bit Server VM (25.76-b03) for windows-amd64 JRE (1.8.0_76-release-b03), built on Jun 29 2016 19:09:20 by "ralucas" with MS VC++ 10.0 (VS2010)

time: Thu Dec 22 17:20:39 2016
elapsed time: 34 seconds (0d 0h 0m 34s)

